<?xml version="1.0" encoding="UTF-8"?>
<p:ownElement
    xmlns:p="https://www.intershop.com/xml/ns/semantic/test-schema/v1"
    xmlns:xsi="http://www.w3.org/2001/XMLSchema-instance"
    xsi:schemaLocation="https://www.intershop.com/xml/ns/semantic/test-schema/v1 test-schema.xsd"
>
    <p:invalid name="Test" />
</p:ownElement>
