<?xml version="1.0" encoding="UTF-8"?>
<p:chain
    xmlns:p="http://www.intershop.com/xml/ns/enfinity/6.4/core/processchain"
    name="TestChain"
>
    <p:concurrent name="TestConcurrent">
        <p:job job="..." name="TestJob" />
    </p:concurrent>
</p:chain>
